[    0.000000] Initializing cgroup subsys cpuset
[    0.000000] Initializing cgroup subsys cpu
[    0.000000] Initializing cgroup subsys cpuacct
[    0.000000] Linux version 4.4.0-210-generic (buildd@lgw01-amd64-009) (gcc version 5.4.0 20160609 (Ubuntu 5.4.0-6ubuntu1~16.04.12) ) #242-Ubuntu SMP Fri Apr 16 09:57:56 UTC 2021 (Ubuntu 4.4.0-210.242-generic 4.4.262)
[    0.000000] Command line: BOOT_IMAGE=/boot/vmlinuz-4.4.0-210-generic root=LABEL=cloudimg-rootfs ro console=tty1 console=ttyS0
[    0.000000] KERNEL supported cpus:
[    0.000000]   Intel GenuineIntel
[    0.000000]   AMD AuthenticAMD
[    0.000000]   Centaur CentaurHauls
[    0.000000] x86/fpu: xstate_offset[2]:  576, xstate_sizes[2]:  256
[    0.000000] x86/fpu: Supporting XSAVE feature 0x01: 'x87 floating point registers'
[    0.000000] x86/fpu: Supporting XSAVE feature 0x02: 'SSE registers'
[    0.000000] x86/fpu: Supporting XSAVE feature 0x04: 'AVX registers'
[    0.000000] x86/fpu: Enabled xstate features 0x7, context size is 832 bytes, using 'standard' format.
[    0.000000] e820: BIOS-provided physical RAM map:
[    0.000000] BIOS-e820: [mem 0x0000000000000000-0x000000000009fbff] usable
[    0.000000] BIOS-e820: [mem 0x000000000009fc00-0x000000000009ffff] reserved
[    0.000000] BIOS-e820: [mem 0x00000000000f0000-0x00000000000fffff] reserved
[    0.000000] BIOS-e820: [mem 0x0000000000100000-0x000000003ffeffff] usable
[    0.000000] BIOS-e820: [mem 0x000000003fff0000-0x000000003fffffff] ACPI data
[    0.000000] BIOS-e820: [mem 0x00000000fec00000-0x00000000fec00fff] reserved
[    0.000000] BIOS-e820: [mem 0x00000000fee00000-0x00000000fee00fff] reserved
[    0.000000] BIOS-e820: [mem 0x00000000fffc0000-0x00000000ffffffff] reserved
[    0.000000] NX (Execute Disable) protection: active
[    0.000000] SMBIOS 2.5 present.
[    0.000000] Hypervisor detected: KVM
[    0.000000] Kernel/User page tables isolation: disabled
[    0.000000] e820: last_pfn = 0x3fff0 max_arch_pfn = 0x400000000
[    0.000000] MTRR: Disabled
[    0.000000] x86/PAT: MTRRs disabled, skipping PAT initialization too.
[    0.000000] CPU MTRRs all blank - virtualized system.
[    0.000000] x86/PAT: Configuration [0-7]: WB  WT  UC- UC  WB  WT  UC- UC  
[    0.000000] found SMP MP-table at [mem 0x0009fff0-0x0009ffff] mapped at [ffff88000009fff0]
[    0.000000] Scanning 1 areas for low memory corruption
[    0.000000] RAMDISK: [mem 0x362dc000-0x37165fff]
[    0.000000] ACPI: Early table checksum verification disabled
[    0.000000] ACPI: RSDP 0x00000000000E0000 000024 (v02 VBOX  )
[    0.000000] ACPI: XSDT 0x000000003FFF0030 00003C (v01 VBOX   VBOXXSDT 00000001 ASL  00000061)
[    0.000000] ACPI: FACP 0x000000003FFF00F0 0000F4 (v04 VBOX   VBOXFACP 00000001 ASL  00000061)
[    0.000000] ACPI: DSDT 0x000000003FFF0470 002325 (v02 VBOX   VBOXBIOS 00000002 INTL 20100528)
[    0.000000] ACPI: FACS 0x000000003FFF0200 000040
[    0.000000] ACPI: FACS 0x000000003FFF0200 000040
[    0.000000] ACPI: APIC 0x000000003FFF0240 00005C (v02 VBOX   VBOXAPIC 00000001 ASL  00000061)
[    0.000000] ACPI: SSDT 0x000000003FFF02A0 0001CC (v01 VBOX   VBOXCPUT 00000002 INTL 20100528)
[    0.000000] No NUMA configuration found
[    0.000000] Faking a node at [mem 0x0000000000000000-0x000000003ffeffff]
[    0.000000] NODE_DATA(0) allocated [mem 0x3ffeb000-0x3ffeffff]
[    0.000000] kvm-clock: Using msrs 4b564d01 and 4b564d00
[    0.000000] kvm-clock: cpu 0, msr 0:3ffe3001, primary cpu clock
[    0.000000] kvm-clock: using sched offset of 4195640275 cycles
[    0.000000] clocksource: kvm-clock: mask: 0xffffffffffffffff max_cycles: 0x1cd42e4dffb, max_idle_ns: 881590591483 ns
[    0.000000] Zone ranges:
[    0.000000]   DMA      [mem 0x0000000000001000-0x0000000000ffffff]
[    0.000000]   DMA32    [mem 0x0000000001000000-0x000000003ffeffff]
[    0.000000]   Normal   empty
[    0.000000]   Device   empty
[    0.000000] Movable zone start for each node
[    0.000000] Early memory node ranges
[    0.000000]   node   0: [mem 0x0000000000001000-0x000000000009efff]
[    0.000000]   node   0: [mem 0x0000000000100000-0x000000003ffeffff]
[    0.000000] Initmem setup node 0 [mem 0x0000000000001000-0x000000003ffeffff]
[    0.000000] ACPI: PM-Timer IO Port: 0x4008
[    0.000000] IOAPIC[0]: apic_id 2, version 32, address 0xfec00000, GSI 0-23
[    0.000000] ACPI: INT_SRC_OVR (bus 0 bus_irq 0 global_irq 2 dfl dfl)
[    0.000000] ACPI: INT_SRC_OVR (bus 0 bus_irq 9 global_irq 9 low level)
[    0.000000] Using ACPI (MADT) for SMP configuration information
[    0.000000] smpboot: Allowing 2 CPUs, 0 hotplug CPUs
[    0.000000] PM: Registered nosave memory: [mem 0x00000000-0x00000fff]
[    0.000000] PM: Registered nosave memory: [mem 0x0009f000-0x0009ffff]
[    0.000000] PM: Registered nosave memory: [mem 0x000a0000-0x000effff]
[    0.000000] PM: Registered nosave memory: [mem 0x000f0000-0x000fffff]
[    0.000000] e820: [mem 0x40000000-0xfebfffff] available for PCI devices
[    0.000000] Booting paravirtualized kernel on KVM
[    0.000000] clocksource: refined-jiffies: mask: 0xffffffff max_cycles: 0xffffffff, max_idle_ns: 7645519600211568 ns
[    0.000000] setup_percpu: NR_CPUS:512 nr_cpumask_bits:512 nr_cpu_ids:2 nr_node_ids:1
[    0.000000] PERCPU: Embedded 33 pages/cpu @ffff88003fc00000 s95192 r8192 d31784 u1048576
[    0.000000] Built 1 zonelists in Node order, mobility grouping on.  Total pages: 257912
[    0.000000] Policy zone: DMA32
[    0.000000] Kernel command line: BOOT_IMAGE=/boot/vmlinuz-4.4.0-210-generic root=LABEL=cloudimg-rootfs ro console=tty1 console=ttyS0
[    0.000000] PID hash table entries: 4096 (order: 3, 32768 bytes)
[    0.000000] Memory: 997792K/1048120K available (8644K kernel code, 1332K rwdata, 4044K rodata, 1492K init, 1164K bss, 50328K reserved, 0K cma-reserved)
[    0.000000] SLUB: HWalign=64, Order=0-3, MinObjects=0, CPUs=2, Nodes=1
[    0.000000] Hierarchical RCU implementation.
[    0.000000] 	Build-time adjustment of leaf fanout to 64.
[    0.000000] 	RCU restricting CPUs from NR_CPUS=512 to nr_cpu_ids=2.
[    0.000000] RCU: Adjusting geometry for rcu_fanout_leaf=64, nr_cpu_ids=2
[    0.000000] NR_IRQS:33024 nr_irqs:440 16
[    0.000000] Console: colour VGA+ 80x25
[    0.000000] console [tty1] enabled
[    0.000000] console [ttyS0] enabled
[    0.000000] tsc: Detected 1382.402 MHz processor
[    0.289471] Calibrating delay loop (skipped) preset value.. 2764.80 BogoMIPS (lpj=5529608)
[    0.292622] pid_max: default: 32768 minimum: 301
[    0.294239] ACPI: Core revision 20150930
[    0.297323] ACPI: 2 ACPI AML tables successfully acquired and loaded
[    0.299778] Security Framework initialized
[    0.301165] Yama: becoming mindful.
[    0.302550] AppArmor: AppArmor initialized
[    0.304152] Dentry cache hash table entries: 131072 (order: 8, 1048576 bytes)
[    0.309751] Inode-cache hash table entries: 65536 (order: 7, 524288 bytes)
[    0.320547] Mount-cache hash table entries: 2048 (order: 2, 16384 bytes)
[    0.323595] Mountpoint-cache hash table entries: 2048 (order: 2, 16384 bytes)
[    0.327579] Initializing cgroup subsys io
[    0.330032] Initializing cgroup subsys memory
[    0.333769] Initializing cgroup subsys devices
[    0.338531] Initializing cgroup subsys freezer
[    0.342505] Initializing cgroup subsys net_cls
[    0.346726] Initializing cgroup subsys perf_event
[    0.349800] Initializing cgroup subsys net_prio
[    0.351428] Initializing cgroup subsys hugetlb
[    0.353366] Initializing cgroup subsys pids
[    0.391298] mce: CPU supports 0 MCE banks
[    0.394212] Last level iTLB entries: 4KB 0, 2MB 0, 4MB 0
[    0.398374] Last level dTLB entries: 4KB 0, 2MB 0, 4MB 0, 1GB 0
[    0.403389] Spectre V1 : Mitigation: usercopy/swapgs barriers and __user pointer sanitization
[    0.409246] Spectre V2 : Mitigation: Full generic retpoline
[    0.413372] Spectre V2 : Spectre v2 / SpectreRSB mitigation: Filling RSB on context switch
[    0.419501] Speculative Store Bypass: Vulnerable
[    0.431235] Freeing SMP alternatives memory: 36K
[    0.449107] ftrace: allocating 32380 entries in 127 pages
[    0.604164] smpboot: APIC(0) Converting physical 0 to logical package 0
[    0.608837] smpboot: Max logical packages: 1
[    0.611678] x2apic enabled
[    0.614132] Switched APIC routing to physical x2apic.
[    0.620142] ..TIMER: vector=0x30 apic1=0 pin1=2 apic2=-1 pin2=-1
[    0.730443] smpboot: CPU0: 11th Gen Intel(R) Core(TM) i5-1135G7 @ 2.40GHz (family: 0x6, model: 0x8c, stepping: 0x1)
[    0.735216] Performance Events: unsupported p6 CPU model 140 no PMU driver, software events only.
[    0.760637] KVM setup paravirtual spinlock
[    0.764380] x86: Booting SMP configuration:
[    0.766545] .... node  #0, CPUs:      #1
[    0.768617] kvm-clock: cpu 1, msr 0:3ffe3041, secondary cpu clock
[    0.809538] mce: CPU supports 0 MCE banks
[    0.813422] x86: Booted up 1 node, 2 CPUs
[    0.815813] smpboot: Total of 2 processors activated (5529.60 BogoMIPS)
[    0.820016] devtmpfs: initialized
[    0.823995] evm: security.selinux
[    0.825748] evm: security.SMACK64
[    0.827785] evm: security.SMACK64EXEC
[    0.829763] evm: security.SMACK64TRANSMUTE
[    0.832219] evm: security.SMACK64MMAP
[    0.834226] evm: security.ima
[    0.835492] evm: security.capability
[    0.837339] clocksource: jiffies: mask: 0xffffffff max_cycles: 0xffffffff, max_idle_ns: 7645041785100000 ns
[    0.840783] futex hash table entries: 512 (order: 3, 32768 bytes)
[    0.843146] pinctrl core: initialized pinctrl subsystem
[    0.844764] RTC time: 12:37:25, date: 08/14/22
[    0.854117] NET: Registered protocol family 16
[    0.867860] cpuidle: using governor ladder
[    0.880052] cpuidle: using governor menu
[    0.881623] PCCT header not found.
[    0.883320] ACPI: bus type PCI registered
[    0.884837] acpiphp: ACPI Hot Plug PCI Controller Driver version: 0.5
[    0.887411] PCI: Using configuration type 1 for base access
[    0.904317] ACPI: Added _OSI(Module Device)
[    0.905916] ACPI: Added _OSI(Processor Device)
[    0.907768] ACPI: Added _OSI(3.0 _SCP Extensions)
[    0.910410] ACPI: Added _OSI(Processor Aggregator Device)
[    0.914677] ACPI: Executed 1 blocks of module-level executable AML code
[    0.921263] ACPI: Interpreter enabled
[    0.923404] ACPI: (supports S0 S5)
[    0.925506] ACPI: Using IOAPIC for interrupt routing
[    0.928291] PCI: Using host bridge windows from ACPI; if necessary, use "pci=nocrs" and report a bug
[    0.938273] ACPI: PCI Root Bridge [PCI0] (domain 0000 [bus 00-ff])
[    0.941070] acpi PNP0A03:00: _OSC: OS supports [ASPM ClockPM Segments MSI]
[    0.945963] acpi PNP0A03:00: _OSC: not requesting OS control; OS requires [ExtendedConfig ASPM ClockPM MSI]
[    0.952794] acpi PNP0A03:00: fail to add MMCONFIG information, can't access extended PCI configuration space under this bridge.
[    0.957309] PCI host bridge to bus 0000:00
[    0.958902] pci_bus 0000:00: root bus resource [io  0x0000-0x0cf7 window]
[    0.961108] pci_bus 0000:00: root bus resource [io  0x0d00-0xffff window]
[    0.963372] pci_bus 0000:00: root bus resource [mem 0x000a0000-0x000bffff window]
[    0.966162] pci_bus 0000:00: root bus resource [mem 0x40000000-0xfdffffff window]
[    0.971906] pci_bus 0000:00: root bus resource [bus 00-ff]
[    0.977347] pci 0000:00:01.1: legacy IDE quirk: reg 0x10: [io  0x01f0-0x01f7]
[    0.979867] pci 0000:00:01.1: legacy IDE quirk: reg 0x14: [io  0x03f6]
[    0.982166] pci 0000:00:01.1: legacy IDE quirk: reg 0x18: [io  0x0170-0x0177]
[    0.984688] pci 0000:00:01.1: legacy IDE quirk: reg 0x1c: [io  0x0376]
[    1.009429] pci 0000:00:07.0: quirk: [io  0x4000-0x403f] claimed by PIIX4 ACPI
[    1.031366] pci 0000:00:07.0: quirk: [io  0x4100-0x410f] claimed by PIIX4 SMB
[    1.052390] ACPI: PCI Interrupt Link [LNKA] (IRQs 5 9 10 *11)
[    1.056861] ACPI: PCI Interrupt Link [LNKB] (IRQs 5 9 *10 11)
[    1.061981] ACPI: PCI Interrupt Link [LNKC] (IRQs 5 *9 10 11)
[    1.068627] ACPI: PCI Interrupt Link [LNKD] (IRQs 5 9 10 *11)
[    1.073716] ACPI: Enabled 2 GPEs in block 00 to 07
[    1.078349] vgaarb: setting as boot device: PCI:0000:00:02.0
[    1.081171] vgaarb: device added: PCI:0000:00:02.0,decodes=io+mem,owns=io+mem,locks=none
[    1.084697] vgaarb: loaded
[    1.085718] vgaarb: bridge control possible 0000:00:02.0
[    1.088816] SCSI subsystem initialized
[    1.090583] ACPI: bus type USB registered
[    1.091840] usbcore: registered new interface driver usbfs
[    1.094943] usbcore: registered new interface driver hub
[    1.097444] usbcore: registered new device driver usb
[    1.100033] PCI: Using ACPI for IRQ routing
[    1.102988] NetLabel: Initializing
[    1.104864] NetLabel:  domain hash size = 128
[    1.106364] NetLabel:  protocols = UNLABELED CIPSOv4
[    1.108133] NetLabel:  unlabeled traffic allowed by default
[    1.112576] amd_nb: Cannot enumerate AMD northbridges
[    1.115646] clocksource: Switched to clocksource kvm-clock
[    1.145108] AppArmor: AppArmor Filesystem Enabled
[    1.148199] pnp: PnP ACPI init
[    1.152576] pnp: PnP ACPI: found 3 devices
[    1.166386] clocksource: acpi_pm: mask: 0xffffff max_cycles: 0xffffff, max_idle_ns: 2085701024 ns
[    1.170476] NET: Registered protocol family 2
[    1.172506] TCP established hash table entries: 8192 (order: 4, 65536 bytes)
[    1.174775] TCP bind hash table entries: 8192 (order: 5, 131072 bytes)
[    1.177048] TCP: Hash tables configured (established 8192 bind 8192)
[    1.179244] UDP hash table entries: 512 (order: 2, 16384 bytes)
[    1.181258] UDP-Lite hash table entries: 512 (order: 2, 16384 bytes)
[    1.183393] NET: Registered protocol family 1
[    1.185036] pci 0000:00:00.0: Limiting direct PCI/PCI transfers
[    1.187019] pci 0000:00:01.0: Activating ISA DMA hang workarounds
[    1.196399] Unpacking initramfs...
[    1.769439] Freeing initrd memory: 14888K
[    1.771641] clocksource: tsc: mask: 0xffffffffffffffff max_cycles: 0x13ed30257ab, max_idle_ns: 440795252862 ns
[    1.775656] platform rtc_cmos: registered platform RTC device (no PNP device found)
[    1.778915] Scanning for low memory corruption every 60 seconds
[    1.782028] audit: initializing netlink subsys (disabled)
[    1.784944] audit: type=2000 audit(1660480651.049:1): initialized
[    1.787607] Initialise system trusted keyring
[    1.789574] HugeTLB registered 2 MB page size, pre-allocated 0 pages
[    1.794047] zbud: loaded
[    1.795872] VFS: Disk quotas dquot_6.6.0
[    1.797428] VFS: Dquot-cache hash table entries: 512 (order 0, 4096 bytes)
[    1.800107] squashfs: version 4.0 (2009/01/31) Phillip Lougher
[    1.802562] fuse init (API version 7.23)
[    1.804241] Key type big_key registered
[    1.805844] Allocating IMA MOK and blacklist keyrings.
[    1.816620] Key type asymmetric registered
[    1.818544] Asymmetric key parser 'x509' registered
[    1.820835] Block layer SCSI generic (bsg) driver version 0.4 loaded (major 249)
[    1.824087] io scheduler noop registered
[    1.827160] io scheduler deadline registered (default)
[    1.829347] io scheduler cfq registered
[    1.831229] pci_hotplug: PCI Hot Plug PCI Core version: 0.5
[    1.833494] pciehp: PCI Express Hot Plug Controller Driver version: 0.4
[    1.836115] ACPI: AC Adapter [AC] (off-line)
[    1.837590] input: Power Button as /devices/LNXSYSTM:00/LNXPWRBN:00/input/input0
[    1.839951] ACPI: Power Button [PWRF]
[    1.841302] input: Sleep Button as /devices/LNXSYSTM:00/LNXSLPBN:00/input/input1
[    1.843987] ACPI: Sleep Button [SLPF]
[    1.846971] ACPI: Battery Slot [BAT0] (battery present)
[    1.848115] GHES: HEST is not enabled!
[    1.849000] Serial: 8250/16550 driver, 32 ports, IRQ sharing enabled
[    1.874360] 00:02: ttyS0 at I/O 0x3f8 (irq = 4, base_baud = 115200) is a 16550A
[    1.880084] Linux agpgart interface v0.103
[    1.884944] loop: module loaded
[    1.888388] scsi host0: ata_piix
[    1.890019] scsi host1: ata_piix
[    1.891929] ata1: PATA max UDMA/33 cmd 0x1f0 ctl 0x3f6 bmdma 0xd000 irq 14
[    1.894214] ata2: PATA max UDMA/33 cmd 0x170 ctl 0x376 bmdma 0xd008 irq 15
[    1.896743] libphy: Fixed MDIO Bus: probed
[    1.898428] tun: Universal TUN/TAP device driver, 1.6
[    1.900209] tun: (C) 1999-2004 Max Krasnyansky <maxk@qualcomm.com>
[    1.902450] PPP generic driver version 2.4.2
[    1.904088] ehci_hcd: USB 2.0 'Enhanced' Host Controller (EHCI) Driver
[    1.906323] ehci-pci: EHCI PCI platform driver
[    1.907926] ehci-platform: EHCI generic platform driver
[    1.909843] ohci_hcd: USB 1.1 'Open' Host Controller (OHCI) Driver
[    1.911921] ohci-pci: OHCI PCI platform driver
[    1.913599] ohci-platform: OHCI generic platform driver
[    1.915413] uhci_hcd: USB Universal Host Controller Interface driver
[    1.917747] i8042: PNP: PS/2 Controller [PNP0303:PS2K,PNP0f03:PS2M] at 0x60,0x64 irq 1,12
[    1.921536] serio: i8042 KBD port at 0x60,0x64 irq 1
[    1.923312] serio: i8042 AUX port at 0x60,0x64 irq 12
[    1.925343] mousedev: PS/2 mouse device common for all mice
[    1.928284] input: AT Translated Set 2 keyboard as /devices/platform/i8042/serio0/input/input2
[    1.931651] rtc_cmos rtc_cmos: rtc core: registered rtc_cmos as rtc0
[    1.933913] rtc_cmos rtc_cmos: alarms up to one day, 114 bytes nvram
[    1.935992] i2c /dev entries driver
[    1.937488] device-mapper: uevent: version 1.0.3
[    1.939300] device-mapper: ioctl: 4.34.0-ioctl (2015-10-28) initialised: dm-devel@redhat.com
[    1.942414] ledtrig-cpu: registered to indicate activity on CPUs
[    1.945153] NET: Registered protocol family 10
[    1.947258] NET: Registered protocol family 17
[    1.948815] Key type dns_resolver registered
[    1.950543] registered taskstats version 1
[    1.951938] Loading compiled-in X.509 certificates
[    1.954651] Loaded X.509 cert 'Build time autogenerated kernel key: cf00e047681d67edb2720680708b7d9498083038'
[    1.958301] zswap: loaded using pool lzo/zbud
[    1.963387] Key type trusted registered
[    1.969545] Key type encrypted registered
[    1.970872] AppArmor: AppArmor sha1 policy hashing enabled
[    1.972482] ima: No TPM chip found, activating TPM-bypass!
[    1.974210] ima: Allocated hash algorithm: sha1
[    1.975614] evm: HMAC attrs: 0x1
[    1.977427]   Magic number: 2:916:632
[    1.978758] rtc_cmos rtc_cmos: setting system clock to 2022-08-14 12:37:26 UTC (1660480646)
[    1.981738] BIOS EDD facility v0.16 2004-Jun-25, 0 devices found
[    1.983441] EDD information not available.
[    2.082392] Freeing unused kernel memory: 1492K
[    2.083792] Write protecting the kernel read-only data: 14336k
[    2.087777] Freeing unused kernel memory: 1584K
[    2.090288] Freeing unused kernel memory: 52K
Loading, please wait...
starting version 229
[    2.117315] random: systemd-udevd: uninitialized urandom read (16 bytes read, 5 bits of entropy available)
[    2.119702] random: udevadm: uninitialized urandom read (16 bytes read, 5 bits of entropy available)
[    2.119817] random: udevadm: uninitialized urandom read (16 bytes read, 5 bits of entropy available)
[    2.133636] random: systemd-udevd: uninitialized urandom read (16 bytes read, 5 bits of entropy available)
[    2.138948] random: udevadm: uninitialized urandom read (16 bytes read, 5 bits of entropy available)
[    2.139103] random: udevadm: uninitialized urandom read (16 bytes read, 5 bits of entropy available)
[    2.139399] random: udevadm: uninitialized urandom read (16 bytes read, 5 bits of entropy available)
[    2.139518] random: udevadm: uninitialized urandom read (16 bytes read, 5 bits of entropy available)
[    2.139653] random: udevadm: uninitialized urandom read (16 bytes read, 5 bits of entropy available)
[    2.139869] random: udevadm: uninitialized urandom read (16 bytes read, 5 bits of entropy available)
[    2.270787] e1000: Intel(R) PRO/1000 Network Driver - version 7.3.21-k8-NAPI
[    2.274760] e1000: Copyright (c) 1999-2006 Intel Corporation.
[    2.290226] Fusion MPT base driver 3.04.20
[    2.292421] Copyright (c) 1999-2008 LSI Corporation
[    2.343971] AVX2 version of gcm_enc/dec engaged.
[    2.343981] Fusion MPT SPI Host driver 3.04.20
[    2.349150] AES CTR mode by8 optimization enabled
[    2.501621] input: ImExPS/2 Generic Explorer Mouse as /devices/platform/i8042/serio1/input/input4
[    2.786741] e1000 0000:00:03.0 eth0: (PCI:33MHz:32-bit) 02:be:82:6b:cc:1d
[    2.789260] e1000 0000:00:03.0 eth0: Intel(R) PRO/1000 Network Connection
[    2.792614] mptbase: ioc0: Initiating bringup
[    3.769118] ioc0: LSI53C1030 A0: Capabilities={Initiator}
[    5.255859] scsi host2: ioc0: LSI53C1030 A0, FwRev=00000000h, Ports=1, MaxQ=256, IRQ=20
[    6.775553] scsi 2:0:0:0: Direct-Access     VBOX     HARDDISK         1.0  PQ: 0 ANSI: 5
[    6.779522] scsi target2:0:0: Beginning Domain Validation
[    6.784686] scsi target2:0:0: Domain Validation skipping write tests
[    6.786397] scsi target2:0:0: Ending Domain Validation
[    6.788457] scsi target2:0:0: asynchronous
[    6.791715] scsi 2:0:1:0: Direct-Access     VBOX     HARDDISK         1.0  PQ: 0 ANSI: 5
[    6.794263] scsi target2:0:1: Beginning Domain Validation
[    6.804693] scsi target2:0:1: Domain Validation skipping write tests
[    6.806931] scsi target2:0:1: Ending Domain Validation
[    6.808784] scsi target2:0:1: asynchronous
[    6.845853] sd 2:0:0:0: Attached scsi generic sg0 type 0
[    6.848858] sd 2:0:0:0: [sda] 83886080 512-byte logical blocks: (42.9 GB/40.0 GiB)
[    6.883890] sd 2:0:1:0: [sdb] 20480 512-byte logical blocks: (10.5 MB/10.0 MiB)
[    6.889404] sd 2:0:1:0: Attached scsi generic sg1 type 0
[    6.894188] sd 2:0:1:0: [sdb] Write Protect is off
[    6.898685] sd 2:0:0:0: [sda] Write Protect is off
[    6.900884] sd 2:0:1:0: [sdb] Incomplete mode parameter data
[    6.903284] sd 2:0:1:0: [sdb] Assuming drive cache: write through
[    6.905958] sd 2:0:0:0: [sda] Incomplete mode parameter data
[    6.907803] sd 2:0:0:0: [sda] Assuming drive cache: write through
[    6.921936]  sda: sda1
[    6.925282] sd 2:0:1:0: [sdb] Attached SCSI disk
[    6.928720] sd 2:0:0:0: [sda] Attached SCSI disk
[    7.220236] e1000 0000:00:08.0 eth1: (PCI:33MHz:32-bit) 08:00:27:e7:70:6e
[    7.223181] e1000 0000:00:08.0 eth1: Intel(R) PRO/1000 Network Connection
[    7.228929] e1000 0000:00:03.0 enp0s3: renamed from eth0
[    7.244900] e1000 0000:00:08.0 enp0s8: renamed from eth1
Begin: Loading essential drivers ... [    9.399351] md: linear personality registered for level -1
[    9.406854] md: multipath personality registered for level -4
[    9.415702] md: raid0 personality registered for level 0
[    9.425791] md: raid1 personality registered for level 1
[    9.503757] raid6: sse2x1   gen()  5075 MB/s
[    9.571707] raid6: sse2x1   xor()  3744 MB/s
[    9.639779] raid6: sse2x2   gen()  7881 MB/s
[    9.707734] raid6: sse2x2   xor()  4588 MB/s
[    9.775735] raid6: sse2x4   gen()  8270 MB/s
[    9.843756] raid6: sse2x4   xor()  5228 MB/s
[    9.911816] raid6: avx2x1   gen() 10146 MB/s
[    9.979763] raid6: avx2x2   gen() 13138 MB/s
[   10.047776] raid6: avx2x4   gen() 13226 MB/s
[   10.049830] raid6: using algorithm avx2x4 gen() 13226 MB/s
[   10.052150] raid6: using avx2x2 recovery algorithm
[   10.056356] xor: automatically using best checksumming function:
[   10.095696]    avx       : 10860.000 MB/sec
[   10.099554] async_tx: api initialized (async)
[   10.119359] md: raid6 personality registered for level 6
[   10.121695] md: raid5 personality registered for level 5
[   10.126114] md: raid4 personality registered for level 4
[   10.141988] md: raid10 personality registered for level 10
done.
Begin: Running /scripts/init-premount ... done.
Begin: Mounting root file system ... Begin: Running /scripts/local-top ... done.
Begin: Running /scripts/local-premount ... [   10.205769] Btrfs loaded
Scanning for Btrfs filesystems
done.
Warning: fsck not present, so skipping root file system
[   10.279268] EXT4-fs (sda1): mounted filesystem with ordered data mode. Opts: (null)
done.
Begin: Running /scripts/local-bottom ... done.
Begin: Running /scripts/init-bottom ... done.
[   10.426846] systemd[1]: systemd 229 running in system mode. (+PAM +AUDIT +SELINUX +IMA +APPARMOR +SMACK +SYSVINIT +UTMP +LIBCRYPTSETUP +GCRYPT +GNUTLS +ACL +XZ -LZ4 +SECCOMP +BLKID +ELFUTILS +KMOD -IDN)
[   10.433534] systemd[1]: Detected virtualization oracle.
[   10.435164] systemd[1]: Detected architecture x86-64.

Welcome to [1mUbuntu 16.04.7 LTS[0m!

[   10.440821] systemd[1]: Set hostname to <web01>.
[   10.667562] systemd[1]: Listening on Journal Socket (/dev/log).
[[0;32m  OK  [0m] Listening on Journal Socket (/dev/log).
[   10.773239] systemd[1]: Started Forward Password Requests to Wall Directory Watch.
[[0;32m  OK  [0m] Started Forward Password Requests to Wall Directory Watch.
[   10.778911] systemd[1]: Reached target System Time Synchronized.
[[0;32m  OK  [0m] Reached target System Time Synchronized.
[   10.782079] systemd[1]: Listening on Journal Audit Socket.
[[0;32m  OK  [0m] Listening on Journal Audit Socket.
[   10.785834] systemd[1]: Listening on fsck to fsckd communication Socket.
[[0;32m  OK  [0m] Listening on fsck to fsckd communication Socket.
[   10.789447] systemd[1]: Created slice System Slice.
[[0;32m  OK  [0m] Created slice System Slice.
[   10.792357] systemd[1]: Listening on /dev/initctl Compatibility Named Pipe.
[[0;32m  OK  [0m] Listening on /dev/initctl Compatibility Named Pipe.
[   10.798855] systemd[1]: Listening on udev Control Socket.
[[0;32m  OK  [0m] Listening on udev Control Socket.
[   10.808478] systemd[1]: Listening on LVM2 poll daemon socket.
[[0;32m  OK  [0m] Listening on LVM2 poll daemon socket.
[   10.813416] systemd[1]: Listening on Syslog Socket.
[[0;32m  OK  [0m] Listening on Syslog Socket.
[   10.817093] systemd[1]: Reached target Swap.
[[0;32m  OK  [0m] Reached target Swap.
[   10.819882] systemd[1]: Reached target User and Group Name Lookups.
[[0;32m  OK  [0m] Reached target User and Group Name Lookups.
[   10.828367] systemd[1]: Set up automount Arbitrary Executable File Formats File System Automount Point.
[[0;32m  OK  [0m] Set up automount Arbitrary Executab...ats File System Automount Point.
[   10.835521] systemd[1]: Reached target Encrypted Volumes.
[[0;32m  OK  [0m] Reached target Encrypted Volumes.
[   10.838974] systemd[1]: Listening on LVM2 metadata daemon socket.
[[0;32m  OK  [0m] Listening on LVM2 metadata daemon socket.
[   10.842710] systemd[1]: Created slice User and Session Slice.
[[0;32m  OK  [0m] Created slice User and Session Slice.
[   10.846187] systemd[1]: Started Trigger resolvconf update for networkd DNS.
[[0;32m  OK  [0m] Started Trigger resolvconf update for networkd DNS.
[   10.850249] systemd[1]: Listening on Device-mapper event daemon FIFOs.
[[0;32m  OK  [0m] Listening on Device-mapper event daemon FIFOs.
[   10.860862] systemd[1]: Listening on Journal Socket.
[[0;32m  OK  [0m] Listening on Journal Socket.
[   10.876836] systemd[1]: Starting Monitoring of LVM2 mirrors, snapshots etc. using dmeventd or progress polling...
         Starting Monitoring of LVM2 mirrors... dmeventd or progress polling...
[   10.884443] systemd[1]: Starting Set console keymap...
         Starting Set console keymap...
[   10.900307] systemd[1]: Mounting Huge Pages File System...
         Mounting Huge Pages File System...
[   10.906251] systemd[1]: Starting Journal Service...
         Starting Journal Service...
[   10.921234] systemd[1]: Mounting Debug File System...
         Mounting Debug File System...
[   10.925644] systemd[1]: Starting Nameserver information manager...
         Starting Nameserver information manager...
[   10.934583] systemd[1]: Starting Uncomplicated firewall...
         Starting Uncomplicated firewall...
[   10.939432] systemd[1]: Reached target Slices.
[[0;32m  OK  [0m] Reached target Slices.
[   10.946430] systemd[1]: Starting Load Kernel Modules...
         Starting Load Kernel Modules...
[   10.956824] systemd[1]: Created slice system-serial\x2dgetty.slice.
[[0;32m  OK  [0m] Created slice system-serial\x2dgetty.slice.
[   10.971783] Loading iSCSI transport class v2.0-870.
[   10.976375] systemd[1]: Starting File System Check on Root Device...
         Starting File System Check on Root Device...
[   10.992772] systemd[1]: Listening on udev Kernel Socket.
[[0;32m  OK  [0m] Listening on udev Kernel Socket.
[   11.005347] systemd[1]: Mounting POSIX Message Queue File System...
         Mounting POSIX Message Queue File System...
[   11.014380] systemd[1]: Starting Create list of required static device nodes for the current kernel...
         Starting Create list of required st... nodes for the current kernel...
[   11.024939] iscsi: registered transport (tcp)
[   11.028975] random: nonblocking pool is initialized
[   11.034969] systemd[1]: Mounted Huge Pages File System.
[[0;32m  OK  [0m] Mounted Huge Pages File System.
[   11.039547] systemd[1]: Mounted POSIX Message Queue File System.
[[0;32m  OK  [0m] Mounted POSIX Message Queue File System.
[   11.045053] systemd[1]: Mounted Debug File System.
[[0;32m  OK  [0m] Mounted Debug File System.
[   11.048292] systemd[1]: Started Journal Service.
[[0;32m  OK  [0m] Started Journal Service.
[[0;32m  OK  [0m] Started Set console keymap.
[[0;32m  OK  [0m] Started Uncomplicated firewall.
[[0;32m  OK  [0m] Started File System Check on Root Device.
[[0;32m  OK  [0m] Started Create list of required sta...ce nodes for the current kernel.
[   11.084914] iscsi: registered transport (iser)
[[0;32m  OK  [0m] Started Nameserver information manager.
[[0;32m  OK  [0m] Started Load Kernel Modules.
[[0;32m  OK  [0m] Started File System Check Daemon to report status.
[[0;32m  OK  [0m] Started LVM2 metadata daemon.
         Starting Apply Kernel Variables...
         Mounting FUSE Control File System...
         Starting Create Static Device Nodes in /dev...
         Starting Remount Root and Kernel File Systems...
[[0;32m  OK  [0m] Mounted FUSE Control File System.
[   11.154209] EXT4-fs (sda1): re-mounted. Opts: (null)
[[0;32m  OK  [0m] Started Apply Kernel Variables.
[[0;32m  OK  [0m] Started Remount Root and Kernel File Systems.
         Starting Load/Save Random Seed...
         Starting Flush Journal to Persistent Storage...
         Starting udev Coldplug all Devices...
[[0;32m  OK  [0m] Started Create Static Device Nodes in /dev.
[[0;32m  OK  [0m] Started Load/Save Random Seed.
         Starting udev Kernel Device Manager...
[[0;32m  OK  [0m] Started Flush Journal to Persistent Storage.
[[0;32m  OK  [0m] Started udev Kernel Device Manager.
[[0;32m  OK  [0m] Started udev Coldplug all Devices.
[[0;32m  OK  [0m] Started Dispatch Password Requests to Console Directory Watch.
[[0;32m  OK  [0m] Started Monitoring of LVM2 mirrors,...ng dmeventd or progress polling.
[[0;32m  OK  [0m] Reached target Local File Systems (Pre).
[[0;32m  OK  [0m] Reached target Local File Systems.
         Starting Initial cloud-init job (pre-networking)...
         Starting Create Volatile Files and Directories...
         Starting Tell Plymouth To Write Out Runtime Data...
         Starting LSB: AppArmor initialization...
         Starting Set console font and keymap...
[[0;32m  OK  [0m] Started Create Volatile Files and Directories.
[[0;32m  OK  [0m] Started Tell Plymouth To Write Out Runtime Data.
         Starting Update UTMP about System Boot/Shutdown...
[[0;32m  OK  [0m] Started Update UTMP about System Boot/Shutdown.
[[0;32m  OK  [0m] Started LSB: AppArmor initialization.
         Starting Load AppArmor profiles managed internally by snapd...
[[0;32m  OK  [0m] Started Load AppArmor profiles managed internally by snapd.
[[0;32m  OK  [0m] Found device /dev/ttyS0.
[[0;32m  OK  [0m] Listening on Load/Save RF Kill Switch Status /dev/rfkill Watch.
[[0;32m  OK  [0m] Found device 82540EM Gigabit Ethern...r (PRO/1000 MT Desktop Adapter).
[[0;32m  OK  [0m] Found device 82540EM Gigabit Ethern...r (PRO/1000 MT Desktop Adapter).
[   13.005399] cloud-init[488]: Cloud-init v. 21.1-19-gbad84ad4-0ubuntu1~16.04.2 running 'init-local' at Sun, 14 Aug 2022 12:37:37 +0000. Up 12.53 seconds.
[[0;32m  OK  [0m] Started Initial cloud-init job (pre-networking).
[[0;32m  OK  [0m] Reached target Network (Pre).
[[0;32m  OK  [0m] Started ifup for enp0s8.
[[0;32m  OK  [0m] Started ifup for enp0s3.
         Starting Raise network interfaces...
[[0;32m  OK  [0m] Started Set console font and keymap.
[[0;32m  OK  [0m] Created slice system-getty.slice.
[[0;32m  OK  [0m] Started Raise network interfaces.
[[0;32m  OK  [0m] Reached target Network.
         Starting Initial cloud-init job (metadata service crawler)...
[   14.619259] cloud-init[1079]: Cloud-init v. 21.1-19-gbad84ad4-0ubuntu1~16.04.2 running 'init' at Sun, 14 Aug 2022 12:37:39 +0000. Up 14.22 seconds.
[   14.628644] cloud-init[1079]: ci-info: ++++++++++++++++++++++++++++++++++++++Net device info+++++++++++++++++++++++++++++++++++++++
[   14.640700] cloud-init[1079]: ci-info: +--------+------+-----------------------------+---------------+--------+-------------------+
[   14.648701] cloud-init[1079]: ci-info: | Device |  Up  |           Address           |      Mask     | Scope  |     Hw-Address    |
[   14.660957] cloud-init[1079]: ci-info: +--------+------+-----------------------------+---------------+--------+-------------------+
[   14.668770] cloud-init[1079]: ci-info: | enp0s3 | True |          10.0.2.15          | 255.255.255.0 | global | 02:be:82:6b:cc:1d |
[   14.672138] cloud-init[1079]: ci-info: | enp0s3 | True |  fe80::be:82ff:fe6b:cc1d/64 |       .       |  link  | 02:be:82:6b:cc:1d |
[   14.674847] cloud-init[1079]: ci-info: | enp0s8 | True |        192.168.56.11        | 255.255.255.0 | global | 08:00:27:e7:70:6e |
[   14.677817] cloud-init[1079]: ci-info: | enp0s8 | True | fe80::a00:27ff:fee7:706e/64 |       .       |  link  | 08:00:27:e7:70:6e |
[   14.680610] cloud-init[1079]: ci-info: |   lo   | True |          127.0.0.1          |   255.0.0.0   |  host  |         .         |
[   14.688786] cloud-init[1079]: ci-info: |   lo   | True |           ::1/128           |       .       |  host  |         .         |
[   14.697036] cloud-init[1079]: ci-info: +--------+------+-----------------------------+---------------+--------+-------------------+
[   14.700364] cloud-init[1079]: ci-info: ++++++++++++++++++++++++++++Route IPv4 info++++++++++++++++++++++++++++
[   14.702727] cloud-init[1079]: ci-info: +-------+--------------+----------+---------------+-----------+-------+
[   14.704677] cloud-init[1079]: ci-info: | Route | Destination  | Gateway  |    Genmask    | Interface | Flags |
[   14.712652] cloud-init[1079]: ci-info: +-------+--------------+----------+---------------+-----------+-------+
[   14.715020] cloud-init[1079]: ci-info: |   0   |   0.0.0.0    | 10.0.2.2 |    0.0.0.0    |   enp0s3  |   UG  |
[   14.717396] cloud-init[1079]: ci-info: |   1   |   10.0.2.0   | 0.0.0.0  | 255.255.255.0 |   enp0s3  |   U   |
[   14.718162] cloud-init[1079]: ci-info: |   2   | 192.168.56.0 | 0.0.0.0  | 255.255.255.0 |   enp0s8  |   U   |
[   14.718462] cloud-init[1079]: ci-info: +-------+--------------+----------+---------------+-----------+-------+
[   14.718823] cloud-init[1079]: ci-info: +++++++++++++++++++Route IPv6 info+++++++++++++++++++
[   14.719437] cloud-init[1079]: ci-info: +-------+-------------+---------+-----------+-------+
[   14.720903] cloud-init[1079]: ci-info: | Route | Destination | Gateway | Interface | Flags |
[   14.721545] cloud-init[1079]: ci-info: +-------+-------------+---------+-----------+-------+
[   14.722174] cloud-init[1079]: ci-info: |   0   |  fe80::/64  |    ::   |   enp0s8  |   U   |
[   14.722531] cloud-init[1079]: ci-info: |   1   |  fe80::/64  |    ::   |   enp0s3  |   U   |
[   14.723139] cloud-init[1079]: ci-info: |   5   |   ff00::/8  |    ::   |   enp0s8  |   U   |
[   14.724027] cloud-init[1079]: ci-info: |   6   |   ff00::/8  |    ::   |   enp0s3  |   U   |
[   14.724802] cloud-init[1079]: ci-info: +-------+-------------+---------+-----------+-------+
[[0;32m  OK  [0m] Started Initial cloud-init job (metadata service crawler).
[[0;32m  OK  [0m] Reached target System Initialization.
[[0;32m  OK  [0m] Started Message of the Day.
[[0;32m  OK  [0m] Listening on ACPID Listen Socket.
[[0;32m  OK  [0m] Listening on D-Bus System Message Bus Socket.
[[0;32m  OK  [0m] Started Daily Cleanup of Temporary Directories.
[[0;32m  OK  [0m] Started ACPI Events Check.
[[0;32m  OK  [0m] Reached target Paths.
[[0;32m  OK  [0m] Started Ubuntu Advantage update messaging.
[[0;32m  OK  [0m] Listening on UUID daemon activation socket.
[[0;32m  OK  [0m] Started Daily apt download activities.
[[0;32m  OK  [0m] Started Daily apt upgrade and clean activities.
[[0;32m  OK  [0m] Reached target Timers.
         Starting LXD - unix socket.
         Starting Socket activation for snappy daemon.
[[0;32m  OK  [0m] Reached target Network is Online.
         Starting iSCSI initiator daemon (iscsid)...
[[0;32m  OK  [0m] Reached target Cloud-config availability.
[[0;32m  OK  [0m] Listening on LXD - unix socket.
[[0;32m  OK  [0m] Listening on Socket activation for snappy daemon.
[[0;32m  OK  [0m] Reached target Sockets.
[[0;32m  OK  [0m] Reached target Basic System.
         Starting System Logging Service...
[[0;32m  OK  [0m] Started D-Bus System Message Bus.
[[0;32m  OK  [0m] Started Deferred execution scheduler.
[[0;32m  OK  [0m] Started Regular background program processing daemon.
         Starting LSB: MD monitoring daemon...
         Starting LXD - container startup/shutdown...
         Starting Accounts Service...
         Starting Virtualbox guest utils...
[[0;32m  OK  [0m] Started ACPI event daemon.
         Starting /etc/rc.local Compatibility...
         Starting LSB: Record successful boot for GRUB...
         Starting OpenBSD Secure Shell server...
         Starting Snap Daemon...
[[0;32m  OK  [0m] Started FUSE filesystem for LXC.
         Starting Login Service...
[[0;32m  OK  [0m] Started System Logging Service.
[[0;32m  OK  [0m] Started iSCSI initiator daemon (iscsid).
[[0;32m  OK  [0m] Started /etc/rc.local Compatibility.
         Starting Login to default iSCSI targets...
[[0;32m  OK  [0m] Started LSB: Record successful boot for GRUB.
[[0;32m  OK  [0m] Started Login Service.
[[0;32m  OK  [0m] Started Unattended Upgrades Shutdown.
         Starting Authenticate and Authorize Users to Run Privileged Tasks...
[[0;32m  OK  [0m] Started OpenBSD Secure Shell server.
[[0;32m  OK  [0m] Started LSB: MD monitoring daemon.
[[0;32m  OK  [0m] Started Login to default iSCSI targets.
[[0;32m  OK  [0m] Reached target Remote File Systems (Pre).
         Mounting /vagrant...
[[0;1;31mFAILED[0m] Failed to mount /vagrant.
See 'systemctl status vagrant.mount' for details.
[[0;1;33mDEPEND[0m] Dependency failed for Remote File Systems.
         Starting LSB: daemon to balance interrupts for SMP systems...
         Starting LSB: Set the CPU Frequency Scaling governor to "ondemand"...
         Starting LSB: automatic crash report generation...
         Starting Permit User Sessions...
[[0;32m  OK  [0m] Started Permit User Sessions.
         Starting Terminate Plymouth Boot Screen...
         Starting Hold until boot process finishes up...
[[0;32m  OK  [0m] Started LXD - container startup/shutdown.
[[0;32m  OK  [0m] Started Terminate Plymouth Boot Screen.
[[0;32m  OK  [0m] Started Hold until boot process finishes up.
[[0;32m  OK  [0m] Started Serial Getty on ttyS0.
[[0;32m  OK  [0m] Started Getty on tty1.
[[0;32m  OK  [0m] Reached target Login Prompts.
         Starting Set console scheme...
[[0;32m  OK  [0m] Started Set console scheme.
[[0;32m  OK  [0m] Started Authenticate and Authorize Users to Run Privileged Tasks.
[[0;32m  OK  [0m] Started Accounts Service.
[[0;32m  OK  [0m] Started LSB: automatic crash report generation.
[[0;32m  OK  [0m] Started LSB: Set the CPU Frequency Scaling governor to "ondemand".
[[0;32m  OK  [0m] Started LSB: daemon to balance interrupts for SMP systems.
[[0;32m  OK  [0m] Started Virtualbox guest utils.
[[0;32m  OK  [0m] Started Snap Daemon.
         Starting Wait until snapd is fully seeded...
[[0;32m  OK  [0m] Started Wait until snapd is fully seeded.
         Starting Apply the settings specified in cloud-config...
[[0;32m  OK  [0m] Reached target Multi-User System.
[[0;32m  OK  [0m] Reached target Graphical Interface.
         Starting Update UTMP about System Runlevel Changes...
[[0;32m  OK  [0m] Started Update UTMP about System Runlevel Changes.
[   16.522129] cloud-init[1330]: Cloud-init v. 21.1-19-gbad84ad4-0ubuntu1~16.04.2 running 'modules:config' at Sun, 14 Aug 2022 12:37:41 +0000. Up 16.34 seconds.
[[0;32m  OK  [0m] Started Apply the settings specified in cloud-config.
         Starting Execute cloud user/final scripts...
[   17.269009] cloud-init[1343]: Cloud-init v. 21.1-19-gbad84ad4-0ubuntu1~16.04.2 running 'modules:final' at Sun, 14 Aug 2022 12:37:42 +0000. Up 17.09 seconds.
[   17.276877] cloud-init[1343]: Cloud-init v. 21.1-19-gbad84ad4-0ubuntu1~16.04.2 finished at Sun, 14 Aug 2022 12:37:42 +0000. Datasource DataSourceNoCloud [seed=/dev/sdb][dsmode=net].  Up 17.25 seconds
[[0;32m  OK  [0m] Started Execute cloud user/final scripts.
[[0;32m  OK  [0m] Reached target Cloud-init target.

Ubuntu 16.04.7 LTS web01 ttyS0

web01 login: [[0;32m  OK  [0m] Stopped target Graphical Interface.
         Unmounting /vagrant...
         Stopping ACPI event daemon...
         Stopping User Manager for UID 1000...
         Stopping Session 3 of user vagrant.
         Stopping Authenticate and Authorize Users to Run Privileged Tasks...
[[0;32m  OK  [0m] Stopped target Timers.
[[0;32m  OK  [0m] Stopped Daily Cleanup of Temporary Directories.
[[0;32m  OK  [0m] Stopped Message of the Day.
[[0;32m  OK  [0m] Stopped Daily apt upgrade and clean activities.
[[0;32m  OK  [0m] Stopped Ubuntu Advantage update messaging.
[[0;32m  OK  [0m] Stopped target Cloud-init target.
[[0;32m  OK  [0m] Stopped Execute cloud user/final scripts.
[[0;32m  OK  [0m] Stopped Apply the settings specified in cloud-config.
[[0;32m  OK  [0m] Stopped target Cloud-config availability.
[[0;32m  OK  [0m] Stopped target Multi-User System.
         Stopping D-Bus System Message Bus...
         Stopping Virtualbox guest utils...
         Stopping Deferred execution scheduler...
[[0;32m  OK  [0m] Stopped target Login Prompts.
         Stopping Serial Getty on ttyS0...         Stopping Getty on tty1...
         Stopping System Logging Service...
         Stopping LSB: Set the CPU Frequency Scaling governor to "ondemand"...
[[0;32m  OK  [0m] Stopped Wait until snapd is fully seeded.
         Stopping Regular background program processing daemon...
         Stopping LSB: Record successful boot for GRUB...
         Stopping LSB: daemon to balance interrupts for SMP systems...
         Stopping FUSE filesystem for LXC...
         Stopping OpenBSD Secure Shell server...
         Stopping LXD - container startup/shutdown...
[[0;32m  OK  [0m] Closed Load/Save RF Kill Switch Status /dev/rfkill Watch.
         Stopping LSB: automatic crash report generation...
         Stopping Accounts Service...
         Stopping LSB: MD monitoring daemon...
[[0;32m  OK  [0m] Stopped Daily apt download activities.
[[0;32m  OK  [0m] Stopped target System Time Synchronized.
         Stopping A high performance web server and a reverse proxy server...
[[0;32m  OK  [0m] Unmounted /var/lib/lxcfs.
[[0;32m  OK  [0m] Stopped System Logging Service.
[[0;32m  OK  [0m] Stopped Deferred execution scheduler.
[[0;32m  OK  [0m] Stopped Regular background program processing daemon.
[[0;32m  OK  [0m] Stopped Accounts Service.
[[0;32m  OK  [0m] Stopped ACPI event daemon.
[[0;32m  OK  [0m] Stopped OpenBSD Secure Shell server.
[[0;32m  OK  [0m] Stopped Authenticate and Authorize Users to Run Privileged Tasks.
[[0;32m  OK  [0m] Stopped Serial Getty on ttyS0.
[[0;32m  OK  [0m] Stopped Getty on tty1.
[[0;32m  OK  [0m] Stopped User Manager for UID 1000.
[[0;32m  OK  [0m] Unmounted /vagrant.
[[0;32m  OK  [0m] Stopped Session 3 of user vagrant.
[[0;32m  OK  [0m] Stopped D-Bus System Message Bus.
[[0;32m  OK  [0m] Stopped A high performance web server and a reverse proxy server.
[[0;32m  OK  [0m] Stopped FUSE filesystem for LXC.
[[0;32m  OK  [0m] Stopped LXD - container startup/shutdown.
[[0;32m  OK  [0m] Stopped LSB: Set the CPU Frequency Scaling governor to "ondemand".
[[0;32m  OK  [0m] Stopped LSB: Record successful boot for GRUB.
[[0;32m  OK  [0m] Stopped LSB: daemon to balance interrupts for SMP systems.
[[0;32m  OK  [0m] Stopped Virtualbox guest utils.
[[0;32m  OK  [0m] Stopped target Remote File Systems (Pre).
         Stopping Login to default iSCSI targets...
[[0;32m  OK  [0m] Removed slice User Slice of vagrant.
         Stopping Login Service...
[[0;32m  OK  [0m] Removed slice system-getty.slice.
[[0;32m  OK  [0m] Removed slice system-serial\x2dgetty.slice.
         Stopping Permit User Sessions...
[[0;32m  OK  [0m] Stopped /etc/rc.local Compatibility.
[[0;32m  OK  [0m] Stopped LSB: automatic crash report generation.
[[0;32m  OK  [0m] Stopped LSB: MD monitoring daemon.
[[0;32m  OK  [0m] Stopped Permit User Sessions.
[[0;32m  OK  [0m] Stopped Login to default iSCSI targets.
         Stopping iSCSI initiator daemon (iscsid)...
[[0;32m  OK  [0m] Stopped iSCSI initiator daemon (iscsid).
[[0;32m  OK  [0m] Stopped target Network is Online.
[[0;32m  OK  [0m] Stopped target Network.
[[0;32m  OK  [0m] Stopped Login Service.
[[0;32m  OK  [0m] Stopped target User and Group Name Lookups.
[[0;32m  OK  [0m] Stopped target Basic System.
[[0;32m  OK  [0m] Stopped target Paths.
[[0;32m  OK  [0m] Stopped Dispatch Password Requests to Console Directory Watch.
[[0;32m  OK  [0m] Stopped Forward Password Requests to Wall Directory Watch.
[[0;32m  OK  [0m] Stopped ACPI Events Check.
[[0;32m  OK  [0m] Stopped target Slices.
[[0;32m  OK  [0m] Removed slice User and Session Slice.
[[0;32m  OK  [0m] Stopped target Sockets.
[[0;32m  OK  [0m] Closed UUID daemon activation socket.
[[0;32m  OK  [0m] Closed Syslog Socket.
[[0;32m  OK  [0m] Closed LXD - unix socket.
[[0;32m  OK  [0m] Closed Socket activation for snappy daemon.
[[0;32m  OK  [0m] Closed ACPID Listen Socket.
[[0;32m  OK  [0m] Closed D-Bus System Message Bus Socket.
[[0;32m  OK  [0m] Stopped target System Initialization.
         Stopping Update UTMP about System Boot/Shutdown...
[[0;32m  OK  [0m] Stopped target Encrypted Volumes.
[[0;32m  OK  [0m] Stopped target Swap.
         Stopping Load/Save Random Seed...
[[0;32m  OK  [0m] Stopped Initial cloud-init job (metadata service crawler).
         Stopping Raise network interfaces...
[[0;32m  OK  [0m] Stopped Load/Save Random Seed.
[[0;32m  OK  [0m] Stopped Update UTMP about System Boot/Shutdown.
[[0;32m  OK  [0m] Stopped Create Volatile Files and Directories.
[[0;32m  OK  [0m] Stopped Raise network interfaces.
[[0;32m  OK  [0m] Stopped target Network (Pre).
[[0;32m  OK  [0m] Stopped Initial cloud-init job (pre-networking).
[[0;32m  OK  [0m] Stopped Apply Kernel Variables.
[[0;32m  OK  [0m] Stopped target Local File Systems.
         Unmounting /run/user/1000...
[[0;32m  OK  [0m] Stopped Load Kernel Modules.
[[0;32m  OK  [0m] Unmounted /run/user/1000.
[[0;32m  OK  [0m] Reached target Unmount All Filesystems.
[[0;32m  OK  [0m] Stopped target Local File Systems (Pre).
[[0;32m  OK  [0m] Stopped Create Static Device Nodes in /dev.
[[0;32m  OK  [0m] Stopped Remount Root and Kernel File Systems.
[[0;32m  OK  [0m] Reached target Shutdown.
[ 5054.034688] reboot: Power down
